<?xml version="1.0" encoding="UTF-8"?>
<robot generator="Robot 7.1.1 (Python 3.12.3 on linux)" generated="2024-11-13T12:46:24.745176" rpa="false" schemaversion="5">
<suite id="s1" name="Tests" source="/home/matiaspa/HY/ohjelmistotuotanto/webcounter/src/tests">
<suite id="s1-s1" name="Increment" source="/home/matiaspa/HY/ohjelmistotuotanto/webcounter/src/tests/increment.robot">
<kw name="Open And Configure Browser" owner="resource" type="SETUP">
<if>
<branch type="IF" condition="$BROWSER == 'chrome'">
<kw name="Evaluate" owner="BuiltIn">
<msg time="2024-11-13T12:46:24.815459" level="INFO">${options} = &lt;selenium.webdriver.chrome.options.Options object at 0x7a6c3ed73110&gt;</msg>
<var>${options}</var>
<arg>sys.modules['selenium.webdriver'].ChromeOptions()</arg>
<arg>sys</arg>
<doc>Evaluates the given expression in Python and returns the result.</doc>
<status status="PASS" start="2024-11-13T12:46:24.815248" elapsed="0.000236"/>
</kw>
<status status="PASS" start="2024-11-13T12:46:24.814872" elapsed="0.000660"/>
</branch>
<branch type="ELSE IF" condition="$BROWSER == 'firefox'">
<kw name="Evaluate" owner="BuiltIn">
<var>${options}</var>
<arg>sys.modules['selenium.webdriver'].FirefoxOptions()</arg>
<arg>sys</arg>
<doc>Evaluates the given expression in Python and returns the result.</doc>
<status status="NOT RUN" start="2024-11-13T12:46:24.815629" elapsed="0.000015"/>
</kw>
<status status="NOT RUN" start="2024-11-13T12:46:24.815565" elapsed="0.000104"/>
</branch>
<status status="PASS" start="2024-11-13T12:46:24.814856" elapsed="0.000832"/>
</if>
<if>
<branch type="IF" condition="$HEADLESS == 'true'">
<kw name="Set Selenium Speed" owner="SeleniumLibrary">
<arg>0</arg>
<doc>Sets the delay that is waited after each Selenium command.</doc>
<status status="PASS" start="2024-11-13T12:46:24.815815" elapsed="0.000176"/>
</kw>
<kw name="Call Method" owner="BuiltIn">
<arg>${options}</arg>
<arg>add_argument</arg>
<arg>--headless</arg>
<doc>Calls the named method of the given object with the provided arguments.</doc>
<status status="PASS" start="2024-11-13T12:46:24.816053" elapsed="0.000103"/>
</kw>
<status status="PASS" start="2024-11-13T12:46:24.815718" elapsed="0.000469"/>
</branch>
<branch type="ELSE">
<kw name="Set Selenium Speed" owner="SeleniumLibrary">
<arg>${DELAY}</arg>
<doc>Sets the delay that is waited after each Selenium command.</doc>
<status status="NOT RUN" start="2024-11-13T12:46:24.816266" elapsed="0.000016"/>
</kw>
<status status="NOT RUN" start="2024-11-13T12:46:24.816210" elapsed="0.000095"/>
</branch>
<status status="PASS" start="2024-11-13T12:46:24.815710" elapsed="0.000612"/>
</if>
<kw name="Open Browser" owner="SeleniumLibrary">
<msg time="2024-11-13T12:46:24.816539" level="INFO">Opening browser 'chrome' to base url 'None'.</msg>
<arg>browser=${BROWSER}</arg>
<arg>options=${options}</arg>
<doc>Opens a new browser instance to the optional ``url``.</doc>
<status status="PASS" start="2024-11-13T12:46:24.816379" elapsed="0.199157"/>
</kw>
<status status="PASS" start="2024-11-13T12:46:24.814734" elapsed="0.200892"/>
</kw>
<test id="s1-s1-t1" name="At start the counter is zero" line="7">
<kw name="Go To" owner="SeleniumLibrary">
<msg time="2024-11-13T12:46:25.016081" level="INFO">Opening url 'http://localhost:5001'</msg>
<arg>${HOME_URL}</arg>
<doc>Navigates the current browser window to the provided ``url``.</doc>
<status status="PASS" start="2024-11-13T12:46:25.015968" elapsed="0.034818"/>
</kw>
<kw name="Title Should Be" owner="SeleniumLibrary">
<msg time="2024-11-13T12:46:25.056572" level="INFO">Page title is 'Laskuri'.</msg>
<arg>Laskuri</arg>
<doc>Verifies that the current page title equals ``title``.</doc>
<status status="PASS" start="2024-11-13T12:46:25.051044" elapsed="0.005649"/>
</kw>
<kw name="Page Should Contain" owner="SeleniumLibrary">
<msg time="2024-11-13T12:46:25.067601" level="INFO">Current page contains text 'nappia painettu 0 kertaa'.</msg>
<arg>nappia painettu 0 kertaa</arg>
<doc>Verifies that current page contains ``text``.</doc>
<status status="PASS" start="2024-11-13T12:46:25.056962" elapsed="0.010745"/>
</kw>
<status status="PASS" start="2024-11-13T12:46:25.015694" elapsed="0.052226"/>
</test>
<test id="s1-s1-t2" name="When button pressed twice the counter is two" line="12">
<kw name="Go To" owner="SeleniumLibrary">
<msg time="2024-11-13T12:46:25.068612" level="INFO">Opening url 'http://localhost:5001'</msg>
<arg>${HOME_URL}</arg>
<doc>Navigates the current browser window to the provided ``url``.</doc>
<status status="PASS" start="2024-11-13T12:46:25.068466" elapsed="0.011707"/>
</kw>
<kw name="Click Button" owner="SeleniumLibrary">
<msg time="2024-11-13T12:46:25.080780" level="INFO">Clicking button 'Paina'.</msg>
<arg>Paina</arg>
<doc>Clicks the button identified by ``locator``.</doc>
<status status="PASS" start="2024-11-13T12:46:25.080463" elapsed="0.061315"/>
</kw>
<kw name="Click Button" owner="SeleniumLibrary">
<msg time="2024-11-13T12:46:25.142256" level="INFO">Clicking button 'Paina'.</msg>
<arg>Paina</arg>
<doc>Clicks the button identified by ``locator``.</doc>
<status status="PASS" start="2024-11-13T12:46:25.142031" elapsed="0.053978"/>
</kw>
<kw name="Page Should Contain" owner="SeleniumLibrary">
<msg time="2024-11-13T12:46:25.207856" level="INFO">Current page contains text 'nappia painettu 2 kertaa'.</msg>
<arg>nappia painettu 2 kertaa</arg>
<doc>Verifies that current page contains ``text``.</doc>
<status status="PASS" start="2024-11-13T12:46:25.196288" elapsed="0.011882"/>
</kw>
<status status="PASS" start="2024-11-13T12:46:25.068170" elapsed="0.140401"/>
</test>
<kw name="Close Browser" owner="SeleniumLibrary" type="TEARDOWN">
<doc>Closes the current browser.</doc>
<status status="PASS" start="2024-11-13T12:46:25.209618" elapsed="0.073700"/>
</kw>
<status status="PASS" start="2024-11-13T12:46:24.757853" elapsed="0.525555"/>
</suite>
<status status="PASS" start="2024-11-13T12:46:24.745693" elapsed="0.538300"/>
</suite>
<statistics>
<total>
<stat pass="2" fail="0" skip="0">All Tests</stat>
</total>
<tag>
</tag>
<suite>
<stat pass="2" fail="0" skip="0" id="s1" name="Tests">Tests</stat>
<stat pass="2" fail="0" skip="0" id="s1-s1" name="Increment">Tests.Increment</stat>
</suite>
</statistics>
<errors>
</errors>
</robot>
